<?xml version="1.0" encoding="UTF-8"?>
<!-- Generated by org.testng.reporters.JUnitReportReporter -->
<testsuite skipped="3" hostname="DESKTOP-V89QI4G" name="com.selenium.hybrid.suitea.LoginTest" tests="3" failures="0" timestamp="09 Mar 2020 13:29:02 GMT" time="0.034" errors="0">
  <testcase name="loginTest" time="0.017" classname="com.selenium.hybrid.suitea.LoginTest">
    <skipped/>
  </testcase> <!-- loginTest -->
  <testcase name="loginTest" time="0.005" classname="com.selenium.hybrid.suitea.LoginTest">
    <skipped/>
  </testcase> <!-- loginTest -->
  <testcase name="loginTest" time="0.012" classname="com.selenium.hybrid.suitea.LoginTest">
    <skipped/>
  </testcase> <!-- loginTest -->
</testsuite> <!-- com.selenium.hybrid.suitea.LoginTest -->
