<?xml version="1.0" encoding="UTF-8"?>
<!-- Generated by org.testng.reporters.JUnitReportReporter -->
<testsuite skipped="0" hostname="DESKTOP-V89QI4G" name="com.selenium.hybrid.suitea.TestB" tests="1" failures="0" timestamp="08 Mar 2020 15:34:00 GMT" time="0.009" errors="0">
  <testcase name="TestB" time="0.009" classname="com.selenium.hybrid.suitea.TestB"/>
</testsuite> <!-- com.selenium.hybrid.suitea.TestB -->
